<?xml version="1.0" encoding="UTF-8"?>
<!-- Generated by org.testng.reporters.JUnitReportReporter -->
<testsuite hostname="SaiBhaskar-PC" name="com.Module.Project.TestFacebook" tests="3" failures="0" timestamp="17 Apr 2019 09:16:10 GMT" time="26.032" errors="0">
  <testcase name="passTest" time="0.003" classname="com.Module.Project.TestFacebook"/>
  <testcase name="test_Home_Page" time="17.653" classname="com.Module.Project.TestFacebook"/>
  <testcase name="clickTab" time="8.376" classname="com.Module.Project.TestFacebook"/>
</testsuite> <!-- com.Module.Project.TestFacebook -->
