<?xml version="1.0" encoding="UTF-8"?>
<!-- Generated by org.testng.reporters.JUnitReportReporter -->
<testsuite hostname="SaiBhaskar-PC" name="test.Test99GuruLogin" tests="1" failures="0" timestamp="10 Apr 2019 13:19:52 GMT" time="3.816" errors="0">
  <testcase name="test_Home_Page_Appear_Correct" time="3.816" classname="test.Test99GuruLogin"/>
</testsuite> <!-- test.Test99GuruLogin -->
