<?xml version="1.0" encoding="UTF-8"?>
<!-- Generated by org.testng.reporters.JUnitReportReporter -->
<testsuite hostname="SaiBhaskar-PC" name="com.Module.Reports.ExtentDemo" tests="1" failures="0" timestamp="16 Apr 2019 10:26:09 GMT" time="6.361" errors="0">
  <testcase name="extentReportDemo" time="6.361" classname="com.Module.Reports.ExtentDemo"/>
</testsuite> <!-- com.Module.Reports.ExtentDemo -->
